Determining if the pthread_create exist failed with the following output:
Change Dir: /home/makers/Udacity_Sensor_fusion/SFND_Lidar_Obstacle_Detection/src/quiz/cluster/build/CMakeFiles/CMakeTmp

Run Build Command:"/usr/bin/make" "cmTC_da178/fast"
/usr/bin/make -f CMakeFiles/cmTC_da178.dir/build.make CMakeFiles/cmTC_da178.dir/build
make[1]: Entering directory '/home/makers/Udacity_Sensor_fusion/SFND_Lidar_Obstacle_Detection/src/quiz/cluster/build/CMakeFiles/CMakeTmp'
Building C object CMakeFiles/cmTC_da178.dir/CheckSymbolExists.c.o
/usr/bin/cc    -o CMakeFiles/cmTC_da178.dir/CheckSymbolExists.c.o   -c /home/makers/Udacity_Sensor_fusion/SFND_Lidar_Obstacle_Detection/src/quiz/cluster/build/CMakeFiles/CMakeTmp/CheckSymbolExists.c
Linking C executable cmTC_da178
/usr/bin/cmake -E cmake_link_script CMakeFiles/cmTC_da178.dir/link.txt --verbose=1
/usr/bin/cc      -rdynamic CMakeFiles/cmTC_da178.dir/CheckSymbolExists.c.o  -o cmTC_da178 
CMakeFiles/cmTC_da178.dir/CheckSymbolExists.c.o: In function `main':
CheckSymbolExists.c:(.text+0x1b): undefined reference to `pthread_create'
collect2: error: ld returned 1 exit status
CMakeFiles/cmTC_da178.dir/build.make:97: recipe for target 'cmTC_da178' failed
make[1]: *** [cmTC_da178] Error 1
make[1]: Leaving directory '/home/makers/Udacity_Sensor_fusion/SFND_Lidar_Obstacle_Detection/src/quiz/cluster/build/CMakeFiles/CMakeTmp'
Makefile:126: recipe for target 'cmTC_da178/fast' failed
make: *** [cmTC_da178/fast] Error 2

File /home/makers/Udacity_Sensor_fusion/SFND_Lidar_Obstacle_Detection/src/quiz/cluster/build/CMakeFiles/CMakeTmp/CheckSymbolExists.c:
/* */
#include <pthread.h>

int main(int argc, char** argv)
{
  (void)argv;
#ifndef pthread_create
  return ((int*)(&pthread_create))[argc];
#else
  (void)argc;
  return 0;
#endif
}

Determining if the function pthread_create exists in the pthreads failed with the following output:
Change Dir: /home/makers/Udacity_Sensor_fusion/SFND_Lidar_Obstacle_Detection/src/quiz/cluster/build/CMakeFiles/CMakeTmp

Run Build Command:"/usr/bin/make" "cmTC_e96dd/fast"
/usr/bin/make -f CMakeFiles/cmTC_e96dd.dir/build.make CMakeFiles/cmTC_e96dd.dir/build
make[1]: Entering directory '/home/makers/Udacity_Sensor_fusion/SFND_Lidar_Obstacle_Detection/src/quiz/cluster/build/CMakeFiles/CMakeTmp'
Building C object CMakeFiles/cmTC_e96dd.dir/CheckFunctionExists.c.o
/usr/bin/cc   -DCHECK_FUNCTION_EXISTS=pthread_create   -o CMakeFiles/cmTC_e96dd.dir/CheckFunctionExists.c.o   -c /usr/share/cmake-3.10/Modules/CheckFunctionExists.c
Linking C executable cmTC_e96dd
/usr/bin/cmake -E cmake_link_script CMakeFiles/cmTC_e96dd.dir/link.txt --verbose=1
/usr/bin/cc  -DCHECK_FUNCTION_EXISTS=pthread_create    -rdynamic CMakeFiles/cmTC_e96dd.dir/CheckFunctionExists.c.o  -o cmTC_e96dd -lpthreads 
/usr/bin/ld: cannot find -lpthreads
collect2: error: ld returned 1 exit status
CMakeFiles/cmTC_e96dd.dir/build.make:97: recipe for target 'cmTC_e96dd' failed
make[1]: *** [cmTC_e96dd] Error 1
make[1]: Leaving directory '/home/makers/Udacity_Sensor_fusion/SFND_Lidar_Obstacle_Detection/src/quiz/cluster/build/CMakeFiles/CMakeTmp'
Makefile:126: recipe for target 'cmTC_e96dd/fast' failed
make: *** [cmTC_e96dd/fast] Error 2


